<?xml version="1.0" encoding="UTF-8"?>
<!-- Generated by org.testng.reporters.JUnitXMLReporter -->
<testsuite ignored="2" hostname="DESKTOP-PH6NMM7" failures="3" tests="4" name="Test" time="39.759" errors="0" timestamp="2022-06-13T08:59:12 IST">
  <testcase classname="org.scenario.PhoneNumberValid" name="phoneNumberNotInvalid" time="3.352"/>
  <testcase classname="org.scenario.PhoneNumberValid" name="phoneNumberValid" time="0.164">
    <failure type="org.openqa.selenium.ElementClickInterceptedException" message="Element &amp;lt;a class=&amp;quot;r2iyh&amp;quot;&amp;gt; is not clickable at point (639,88) because another element &amp;lt;div class=&amp;quot;overlay&amp;quot;&amp;gt; obscures it
Build info: version: &amp;apos;4.1.0&amp;apos;, revision: &amp;apos;87802e897b&amp;apos;
System info: host: &amp;apos;DESKTOP-PH6NMM7&amp;apos;, ip: &amp;apos;192.168.137.1&amp;apos;, os.name: &amp;apos;Windows 10&amp;apos;, os.arch: &amp;apos;amd64&amp;apos;, os.version: &amp;apos;10.0&amp;apos;, java.version: &amp;apos;17.0.2&amp;apos;
Driver info: org.openqa.selenium.firefox.FirefoxDriver
Command: [3beb6191-2576-4992-8a36-a4394d6d9844, clickElement {id=c920f733-64f6-4e2c-901d-09d82644424d}]
Capabilities {acceptInsecureCerts: true, browserName: firefox, browserVersion: 101.0.1, javascriptEnabled: true, moz:accessibilityChecks: false, moz:buildID: 20220608170832, moz:debuggerAddress: localhost:56623, moz:geckodriverVersion: 0.31.0, moz:headless: false, moz:processID: 8392, moz:profile: C:\Users\DEEPAK~1\AppData\L..., moz:shutdownTimeout: 60000, moz:useNonSpecCompliantPointerOrigin: false, moz:webdriverClick: true, pageLoadStrategy: normal, platform: WINDOWS, platformName: WINDOWS, platformVersion: 10.0, proxy: Proxy(), se:cdp: ws://localhost:56623/devtoo..., se:cdpVersion: 85, setWindowRect: true, strictFileInteractability: false, timeouts: {implicit: 0, pageLoad: 300000, script: 30000}, unhandledPromptBehavior: dismiss and notify}
Element: [[FirefoxDriver: firefox on WINDOWS (3beb6191-2576-4992-8a36-a4394d6d9844)] -&amp;gt; xpath: //a[text()=&amp;apos;Sign up&amp;apos;]]
Session ID: 3beb6191-2576-4992-8a36-a4394d6d9844">
      <![CDATA[org.openqa.selenium.ElementClickInterceptedException: Element <a class="r2iyh"> is not clickable at point (639,88) because another element <div class="overlay"> obscures it
Build info: version: '4.1.0', revision: '87802e897b'
System info: host: 'DESKTOP-PH6NMM7', ip: '192.168.137.1', os.name: 'Windows 10', os.arch: 'amd64', os.version: '10.0', java.version: '17.0.2'
Driver info: org.openqa.selenium.firefox.FirefoxDriver
Command: [3beb6191-2576-4992-8a36-a4394d6d9844, clickElement {id=c920f733-64f6-4e2c-901d-09d82644424d}]
Capabilities {acceptInsecureCerts: true, browserName: firefox, browserVersion: 101.0.1, javascriptEnabled: true, moz:accessibilityChecks: false, moz:buildID: 20220608170832, moz:debuggerAddress: localhost:56623, moz:geckodriverVersion: 0.31.0, moz:headless: false, moz:processID: 8392, moz:profile: C:\Users\DEEPAK~1\AppData\L..., moz:shutdownTimeout: 60000, moz:useNonSpecCompliantPointerOrigin: false, moz:webdriverClick: true, pageLoadStrategy: normal, platform: WINDOWS, platformName: WINDOWS, platformVersion: 10.0, proxy: Proxy(), se:cdp: ws://localhost:56623/devtoo..., se:cdpVersion: 85, setWindowRect: true, strictFileInteractability: false, timeouts: {implicit: 0, pageLoad: 300000, script: 30000}, unhandledPromptBehavior: dismiss and notify}
Element: [[FirefoxDriver: firefox on WINDOWS (3beb6191-2576-4992-8a36-a4394d6d9844)] -> xpath: //a[text()='Sign up']]
Session ID: 3beb6191-2576-4992-8a36-a4394d6d9844
at org.openqa.selenium.remote.codec.w3c.W3CHttpResponseCodec.createException(W3CHttpResponseCodec.java:200)
at org.openqa.selenium.remote.codec.w3c.W3CHttpResponseCodec.decode(W3CHttpResponseCodec.java:133)
at org.openqa.selenium.remote.codec.w3c.W3CHttpResponseCodec.decode(W3CHttpResponseCodec.java:53)
at org.openqa.selenium.remote.HttpCommandExecutor.execute(HttpCommandExecutor.java:184)
at org.openqa.selenium.remote.service.DriverCommandExecutor.invokeExecute(DriverCommandExecutor.java:164)
at org.openqa.selenium.remote.service.DriverCommandExecutor.execute(DriverCommandExecutor.java:139)
at org.openqa.selenium.remote.RemoteWebDriver.execute(RemoteWebDriver.java:559)
at org.openqa.selenium.remote.RemoteWebElement.execute(RemoteWebElement.java:251)
at org.openqa.selenium.remote.RemoteWebElement.click(RemoteWebElement.java:77)
at org.openqa.selenium.support.pagefactory.internal.LocatingElementHandler.invoke(LocatingElementHandler.java:52)
at jdk.proxy2/jdk.proxy2.$Proxy12.click(Unknown Source)
at org.baseclass.BaseClass.elementClick(BaseClass.java:132)
at org.swiggy.withpagefactory.SwiggyPageFactory.signupClick(SwiggyPageFactory.java:45)
at org.scenario.PhoneNumberValid.phoneNumberValid(PhoneNumberValid.java:29)
at java.base/java.util.ArrayList.forEach(ArrayList.java:1511)
... Removed 36 stack frames]]>
    </failure>
  </testcase> <!-- phoneNumberValid -->
  <testcase classname="org.scenario.PhoneNumberValid2" name="phoneNumberNotInvalid" time="1.039">
    <failure type="java.lang.AssertionError" message="The phonenumber label is different expected [Phone number] but found [Enter your phone number]">
      <![CDATA[java.lang.AssertionError: The phonenumber label is different expected [Phone number] but found [Enter your phone number]
at org.scenario.PhoneNumberValid2.phoneNumberNotInvalid(PhoneNumberValid2.java:77)
at java.base/java.util.ArrayList.forEach(ArrayList.java:1511)
... Removed 32 stack frames]]>
    </failure>
  </testcase> <!-- phoneNumberNotInvalid -->
  <testcase classname="org.scenario.PhoneNumberValid2" name="phoneNumberValid" time="0.119">
    <failure type="org.openqa.selenium.ElementClickInterceptedException" message="Element &amp;lt;a class=&amp;quot;r2iyh&amp;quot;&amp;gt; is not clickable at point (639,88) because another element &amp;lt;div class=&amp;quot;overlay&amp;quot;&amp;gt; obscures it
Build info: version: &amp;apos;4.1.0&amp;apos;, revision: &amp;apos;87802e897b&amp;apos;
System info: host: &amp;apos;DESKTOP-PH6NMM7&amp;apos;, ip: &amp;apos;192.168.137.1&amp;apos;, os.name: &amp;apos;Windows 10&amp;apos;, os.arch: &amp;apos;amd64&amp;apos;, os.version: &amp;apos;10.0&amp;apos;, java.version: &amp;apos;17.0.2&amp;apos;
Driver info: org.openqa.selenium.firefox.FirefoxDriver
Command: [3beb6191-2576-4992-8a36-a4394d6d9844, clickElement {id=7f76b4f5-4ed4-44a8-b55b-0020c7bd0898}]
Capabilities {acceptInsecureCerts: true, browserName: firefox, browserVersion: 101.0.1, javascriptEnabled: true, moz:accessibilityChecks: false, moz:buildID: 20220608170832, moz:debuggerAddress: localhost:56623, moz:geckodriverVersion: 0.31.0, moz:headless: false, moz:processID: 8392, moz:profile: C:\Users\DEEPAK~1\AppData\L..., moz:shutdownTimeout: 60000, moz:useNonSpecCompliantPointerOrigin: false, moz:webdriverClick: true, pageLoadStrategy: normal, platform: WINDOWS, platformName: WINDOWS, platformVersion: 10.0, proxy: Proxy(), se:cdp: ws://localhost:56623/devtoo..., se:cdpVersion: 85, setWindowRect: true, strictFileInteractability: false, timeouts: {implicit: 0, pageLoad: 300000, script: 30000}, unhandledPromptBehavior: dismiss and notify}
Element: [[FirefoxDriver: firefox on WINDOWS (3beb6191-2576-4992-8a36-a4394d6d9844)] -&amp;gt; xpath: //a[text()=&amp;apos;Sign up&amp;apos;]]
Session ID: 3beb6191-2576-4992-8a36-a4394d6d9844">
      <![CDATA[org.openqa.selenium.ElementClickInterceptedException: Element <a class="r2iyh"> is not clickable at point (639,88) because another element <div class="overlay"> obscures it
Build info: version: '4.1.0', revision: '87802e897b'
System info: host: 'DESKTOP-PH6NMM7', ip: '192.168.137.1', os.name: 'Windows 10', os.arch: 'amd64', os.version: '10.0', java.version: '17.0.2'
Driver info: org.openqa.selenium.firefox.FirefoxDriver
Command: [3beb6191-2576-4992-8a36-a4394d6d9844, clickElement {id=7f76b4f5-4ed4-44a8-b55b-0020c7bd0898}]
Capabilities {acceptInsecureCerts: true, browserName: firefox, browserVersion: 101.0.1, javascriptEnabled: true, moz:accessibilityChecks: false, moz:buildID: 20220608170832, moz:debuggerAddress: localhost:56623, moz:geckodriverVersion: 0.31.0, moz:headless: false, moz:processID: 8392, moz:profile: C:\Users\DEEPAK~1\AppData\L..., moz:shutdownTimeout: 60000, moz:useNonSpecCompliantPointerOrigin: false, moz:webdriverClick: true, pageLoadStrategy: normal, platform: WINDOWS, platformName: WINDOWS, platformVersion: 10.0, proxy: Proxy(), se:cdp: ws://localhost:56623/devtoo..., se:cdpVersion: 85, setWindowRect: true, strictFileInteractability: false, timeouts: {implicit: 0, pageLoad: 300000, script: 30000}, unhandledPromptBehavior: dismiss and notify}
Element: [[FirefoxDriver: firefox on WINDOWS (3beb6191-2576-4992-8a36-a4394d6d9844)] -> xpath: //a[text()='Sign up']]
Session ID: 3beb6191-2576-4992-8a36-a4394d6d9844
at org.openqa.selenium.remote.codec.w3c.W3CHttpResponseCodec.createException(W3CHttpResponseCodec.java:200)
at org.openqa.selenium.remote.codec.w3c.W3CHttpResponseCodec.decode(W3CHttpResponseCodec.java:133)
at org.openqa.selenium.remote.codec.w3c.W3CHttpResponseCodec.decode(W3CHttpResponseCodec.java:53)
at org.openqa.selenium.remote.HttpCommandExecutor.execute(HttpCommandExecutor.java:184)
at org.openqa.selenium.remote.service.DriverCommandExecutor.invokeExecute(DriverCommandExecutor.java:164)
at org.openqa.selenium.remote.service.DriverCommandExecutor.execute(DriverCommandExecutor.java:139)
at org.openqa.selenium.remote.RemoteWebDriver.execute(RemoteWebDriver.java:559)
at org.openqa.selenium.remote.RemoteWebElement.execute(RemoteWebElement.java:251)
at org.openqa.selenium.remote.RemoteWebElement.click(RemoteWebElement.java:77)
at org.openqa.selenium.support.pagefactory.internal.LocatingElementHandler.invoke(LocatingElementHandler.java:52)
at jdk.proxy2/jdk.proxy2.$Proxy12.click(Unknown Source)
at org.baseclass.BaseClass.elementClick(BaseClass.java:132)
at org.swiggy.withpagefactory.SwiggyPageFactory.signupClick(SwiggyPageFactory.java:45)
at org.scenario.PhoneNumberValid2.phoneNumberValid(PhoneNumberValid2.java:29)
at java.base/java.util.ArrayList.forEach(ArrayList.java:1511)
... Removed 36 stack frames]]>
    </failure>
  </testcase> <!-- phoneNumberValid -->
  <testcase classname="org.baseclass.BaseClass" name="@BeforeTest browserLaunch" time="0.0">
    <ignored/>
  </testcase> <!-- @BeforeTest browserLaunch -->
  <testcase classname="org.baseclass.BaseClass" name="@AfterTest tearDown" time="0.0">
    <ignored/>
  </testcase> <!-- @AfterTest tearDown -->
</testsuite> <!-- Test -->
